Okt. 20, 2020 2:48:32 PM de.gurkenlabs.litiengine.DefaultUncaughtExceptionHandler uncaughtException
SEVERE: Game crashed! :(
java.lang.NullPointerException: Cannot invoke "java.awt.Graphics2D.getRenderingHint(java.awt.RenderingHints$Key)" because "g" is null
	at de.gurkenlabs.litiengine.graphics.RenderEngine.renderShape(RenderEngine.java:257)
	at de.gurkenlabs.litiengine.graphics.RenderEngine.renderShape(RenderEngine.java:236)
	at de.gurkenlabs.litiengine.graphics.RenderEngine.renderShape(RenderEngine.java:222)
	at com.littleBeasts.ChatBox.<init>(ChatBox.java:12)
	at com.littleBeasts.Program.main(Program.java:10)

Okt. 20, 2020 3:05:14 PM de.gurkenlabs.litiengine.DefaultUncaughtExceptionHandler uncaughtException
SEVERE: Game crashed! :(
de.gurkenlabs.litiengine.resources.ResourceLoadException: javax.imageio.IIOException: Can't get input stream from URL!
	at de.gurkenlabs.litiengine.resources.ResourcesContainer.loadResource(ResourcesContainer.java:391)
	at java.base/java.util.concurrent.ConcurrentHashMap.computeIfAbsent(ConcurrentHashMap.java:1708)
	at de.gurkenlabs.litiengine.resources.ResourcesContainer.get(ResourcesContainer.java:273)
	at de.gurkenlabs.litiengine.resources.ResourcesContainer.get(ResourcesContainer.java:207)
	at com.littleBeasts.ChatBox.<init>(ChatBox.java:22)
	at com.littleBeasts.Program.main(Program.java:10)
Caused by: javax.imageio.IIOException: Can't get input stream from URL!
	at java.desktop/javax.imageio.ImageIO.read(ImageIO.java:1407)
	at de.gurkenlabs.litiengine.resources.Images.load(Images.java:49)
	at de.gurkenlabs.litiengine.resources.Images.load(Images.java:12)
	at de.gurkenlabs.litiengine.resources.ResourcesContainer.loadResource(ResourcesContainer.java:389)
	... 5 more
Caused by: java.io.FileNotFoundException: C:\Users\Daniel\SEProject\littleBeasts\heart.png (Das System kann die angegebene Datei nicht finden)
	at java.base/java.io.FileInputStream.open0(Native Method)
	at java.base/java.io.FileInputStream.open(FileInputStream.java:211)
	at java.base/java.io.FileInputStream.<init>(FileInputStream.java:153)
	at java.base/java.io.FileInputStream.<init>(FileInputStream.java:108)
	at java.base/sun.net.www.protocol.file.FileURLConnection.connect(FileURLConnection.java:86)
	at java.base/sun.net.www.protocol.file.FileURLConnection.getInputStream(FileURLConnection.java:189)
	at java.base/java.net.URL.openStream(URL.java:1167)
	at java.desktop/javax.imageio.ImageIO.read(ImageIO.java:1405)
	... 8 more

